{"/Users/adriendeperetti/Documents/02-personnel/01-projects/medusa/packages/modules/index/src/utils/flatten-where-clauses.ts": {"path":"/Users/adriendeperetti/Documents/02-personnel/01-projects/medusa/packages/modules/index/src/utils/flatten-where-clauses.ts","statementMap":{"0":{"start":{"line":22,"column":16},"end":{"line":22,"column":36}},"1":{"start":{"line":23,"column":38},"end":{"line":23,"column":null}},"2":{"start":{"line":26,"column":4},"end":{"line":33,"column":null}},"3":{"start":{"line":27,"column":6},"end":{"line":32,"column":null}},"4":{"start":{"line":28,"column":24},"end":{"line":28,"column":null}},"5":{"start":{"line":29,"column":8},"end":{"line":29,"column":null}},"6":{"start":{"line":31,"column":8},"end":{"line":31,"column":null}},"7":{"start":{"line":36,"column":2},"end":{"line":36,"column":null}},"8":{"start":{"line":37,"column":2},"end":{"line":37,"column":null}}},"fnMap":{"0":{"name":"flattenWhereClauses","decl":{"start":{"line":22,"column":16},"end":{"line":22,"column":36}},"loc":{"start":{"line":22,"column":62},"end":{"line":38,"column":null}}},"1":{"name":"flatten","decl":{"start":{"line":25,"column":11},"end":{"line":25,"column":19}},"loc":{"start":{"line":25,"column":58},"end":{"line":34,"column":null}}}},"branchMap":{"0":{"loc":{"start":{"line":27,"column":6},"end":{"line":32,"column":null}},"type":"if","locations":[{"start":{"line":27,"column":6},"end":{"line":32,"column":null}},{"start":{"line":30,"column":13},"end":{"line":32,"column":null}}]},"1":{"loc":{"start":{"line":28,"column":24},"end":{"line":28,"column":null}},"type":"cond-expr","locations":[{"start":{"line":28,"column":31},"end":{"line":28,"column":47}},{"start":{"line":28,"column":50},"end":{"line":28,"column":null}}]}},"s":{"0":1,"1":1,"2":2,"3":5,"4":1,"5":1,"6":4,"7":1,"8":1},"f":{"0":1,"1":2},"b":{"0":[1,4],"1":[0,1]}}
}
